<?xml version="1.0" encoding="UTF-8"?>
<testng-results ignored="1" total="3" passed="2" failed="0" skipped="0">
  <reporter-output>
  </reporter-output>
  <suite started-at="2023-02-09T11:03:13 CST" name="Surefire suite" finished-at="2023-02-09T11:03:41 CST" duration-ms="27777">
    <groups>
    </groups>
    <test started-at="2023-02-09T11:03:13 CST" name="Surefire test" finished-at="2023-02-09T11:03:41 CST" duration-ms="27777">
      <class name="com.crm.qa.testcases.LoginPageTest">
        <test-method is-config="true" signature="setUp()[pri:0, instance:com.crm.qa.testcases.LoginPageTest@399c4be1]" started-at="2023-02-09T11:03:14 CST" name="setUp" finished-at="2023-02-09T11:03:31 CST" duration-ms="17519" status="PASS">
          <reporter-output>
          </reporter-output>
        </test-method> <!-- setUp -->
        <test-method signature="loginPageTitleTest()[pri:1, instance:com.crm.qa.testcases.LoginPageTest@399c4be1]" started-at="2023-02-09T11:03:31 CST" name="loginPageTitleTest" finished-at="2023-02-09T11:03:31 CST" duration-ms="117" status="PASS">
          <reporter-output>
          </reporter-output>
        </test-method> <!-- loginPageTitleTest -->
        <test-method is-config="true" signature="tearDown()[pri:0, instance:com.crm.qa.testcases.LoginPageTest@399c4be1]" started-at="2023-02-09T11:03:31 CST" name="tearDown" finished-at="2023-02-09T11:03:33 CST" duration-ms="1474" status="PASS">
          <reporter-output>
          </reporter-output>
        </test-method> <!-- tearDown -->
        <test-method is-config="true" signature="setUp()[pri:0, instance:com.crm.qa.testcases.LoginPageTest@399c4be1]" started-at="2023-02-09T11:03:33 CST" name="setUp" finished-at="2023-02-09T11:03:39 CST" duration-ms="6546" status="PASS">
          <reporter-output>
          </reporter-output>
        </test-method> <!-- setUp -->
        <test-method signature="crmLogoImageTest()[pri:2, instance:com.crm.qa.testcases.LoginPageTest@399c4be1]" started-at="2023-02-09T11:03:39 CST" name="crmLogoImageTest" finished-at="2023-02-09T11:03:40 CST" duration-ms="496" status="PASS">
          <reporter-output>
          </reporter-output>
        </test-method> <!-- crmLogoImageTest -->
        <test-method is-config="true" signature="tearDown()[pri:0, instance:com.crm.qa.testcases.LoginPageTest@399c4be1]" started-at="2023-02-09T11:03:40 CST" name="tearDown" finished-at="2023-02-09T11:03:41 CST" duration-ms="1259" status="PASS">
          <reporter-output>
          </reporter-output>
        </test-method> <!-- tearDown -->
      </class> <!-- com.crm.qa.testcases.LoginPageTest -->
    </test> <!-- Surefire test -->
  </suite> <!-- Surefire suite -->
</testng-results>
