<?xml version="1.0" encoding="UTF-8"?>
<testng-results ignored="1" total="3" passed="2" failed="0" skipped="0">
  <reporter-output>
  </reporter-output>
  <suite started-at="2023-02-08T11:17:23 CST" name="Default suite" finished-at="2023-02-08T11:17:59 CST" duration-ms="36186">
    <groups>
    </groups>
    <test started-at="2023-02-08T11:17:23 CST" name="Default test" finished-at="2023-02-08T11:17:59 CST" duration-ms="36186">
      <class name="com.crm.qa.testcases.LoginPageTest">
        <test-method is-config="true" signature="setUp()[pri:0, instance:com.crm.qa.testcases.LoginPageTest@692f203f]" started-at="2023-02-08T11:17:23 CST" name="setUp" finished-at="2023-02-08T11:17:47 CST" duration-ms="24403" status="PASS">
          <reporter-output>
          </reporter-output>
        </test-method> <!-- setUp -->
        <test-method signature="loginPageTitleTest()[pri:1, instance:com.crm.qa.testcases.LoginPageTest@692f203f]" started-at="2023-02-08T11:17:47 CST" name="loginPageTitleTest" finished-at="2023-02-08T11:17:48 CST" duration-ms="242" status="PASS">
          <reporter-output>
          </reporter-output>
        </test-method> <!-- loginPageTitleTest -->
        <test-method is-config="true" signature="tearDown()[pri:0, instance:com.crm.qa.testcases.LoginPageTest@692f203f]" started-at="2023-02-08T11:17:48 CST" name="tearDown" finished-at="2023-02-08T11:17:49 CST" duration-ms="940" status="PASS">
          <reporter-output>
          </reporter-output>
        </test-method> <!-- tearDown -->
        <test-method is-config="true" signature="setUp()[pri:0, instance:com.crm.qa.testcases.LoginPageTest@692f203f]" started-at="2023-02-08T11:17:49 CST" name="setUp" finished-at="2023-02-08T11:17:57 CST" duration-ms="8482" status="PASS">
          <reporter-output>
          </reporter-output>
        </test-method> <!-- setUp -->
        <test-method signature="crmLogoImageTest()[pri:2, instance:com.crm.qa.testcases.LoginPageTest@692f203f]" started-at="2023-02-08T11:17:57 CST" name="crmLogoImageTest" finished-at="2023-02-08T11:17:58 CST" duration-ms="997" status="PASS">
          <reporter-output>
          </reporter-output>
        </test-method> <!-- crmLogoImageTest -->
        <test-method is-config="true" signature="tearDown()[pri:0, instance:com.crm.qa.testcases.LoginPageTest@692f203f]" started-at="2023-02-08T11:17:58 CST" name="tearDown" finished-at="2023-02-08T11:17:59 CST" duration-ms="770" status="PASS">
          <reporter-output>
          </reporter-output>
        </test-method> <!-- tearDown -->
      </class> <!-- com.crm.qa.testcases.LoginPageTest -->
    </test> <!-- Default test -->
  </suite> <!-- Default suite -->
</testng-results>
